<?xml version="1.0" encoding="UTF-8" ?>
<testsuite failures="0" time="11.91" errors="0" skipped="0" tests="1" name="SeleniumExampleTest">
  <properties>
    <property name="java.runtime.name" value="Java(TM) SE Runtime Environment"/>
    <property name="sun.boot.library.path" value="C:\Program Files\Java\jdk1.6.0_23\jre\bin"/>
    <property name="java.vm.version" value="14.0-b16"/>
    <property name="java.vm.vendor" value="Sun Microsystems Inc."/>
    <property name="java.vendor.url" value="http://java.sun.com/"/>
    <property name="path.separator" value=";"/>
    <property name="java.vm.name" value="Java HotSpot(TM) Client VM"/>
    <property name="file.encoding.pkg" value="sun.io"/>
    <property name="user.country" value="FR"/>
    <property name="sun.java.launcher" value="SUN_STANDARD"/>
    <property name="sun.os.patch.level" value="Service Pack 1"/>
    <property name="java.vm.specification.name" value="Java Virtual Machine Specification"/>
    <property name="user.dir" value="C:\Users\mkiami\Documents\Selenium\Snapshot\selenium-maven-plugin\target\it\change-port"/>
    <property name="java.runtime.version" value="1.6.0_14-b08"/>
    <property name="java.awt.graphicsenv" value="sun.awt.Win32GraphicsEnvironment"/>
    <property name="basedir" value="C:\Users\mkiami\Documents\Selenium\Snapshot\selenium-maven-plugin\target\it\change-port"/>
    <property name="java.endorsed.dirs" value="C:\Program Files\Java\jdk1.6.0_23\jre\lib\endorsed"/>
    <property name="os.arch" value="x86"/>
    <property name="surefire.real.class.path" value="C:\Users\mkiami\Documents\Selenium\Snapshot\selenium-maven-plugin\target\it\change-port\target\surefire\surefirebooter1254834636461924429.jar"/>
    <property name="java.io.tmpdir" value="C:\cygwin\tmp\"/>
    <property name="line.separator" value="
"/>
    <property name="java.vm.specification.vendor" value="Sun Microsystems Inc."/>
    <property name="user.variant" value=""/>
    <property name="os.name" value="Windows 7"/>
    <property name="sun.jnu.encoding" value="Cp1252"/>
    <property name="java.library.path" value="C:\Program Files\Java\jdk1.6.0_23\jre\bin;.;C:\Windows\Sun\Java\bin;C:\Windows\system32;C:\Windows;C:\cygwin\usr\local\bin;C:\cygwin\bin;C:\Program Files\PHP;C:\Windows\system32;C:\Windows;C:\Windows\System32\Wbem;C:\Windows\System32\WindowsPowerShell\v1.0;C:\Program Files\Intel\DMIX;C:\Program Files\ATI Technologies\ATI.ACE\Core-Static;C:\mavenQuestel\bin;C:\Program Files\Java\jdk1.6.0_23\bin;C:\Java\apache-maven-2.2.1\bin;C:\Java\apache-ant-1.8.2\bin;C:\cygwin\home\mkiami\bin"/>
    <property name="surefire.test.class.path" value="C:\Users\mkiami\Documents\Selenium\Snapshot\selenium-maven-plugin\target\it\change-port\target\test-classes;C:\Users\mkiami\Documents\Selenium\Snapshot\selenium-maven-plugin\target\it\change-port\target\classes;C:\Users\mkiami\Documents\Selenium\Snapshot\selenium-maven-plugin\target\local-repo\junit\junit\3.8.2\junit-3.8.2.jar;C:\Users\mkiami\Documents\Selenium\Snapshot\selenium-maven-plugin\target\local-repo\org\seleniumhq\selenium\client-drivers\selenium-java-client-driver\1.0.2\selenium-java-client-driver-1.0.2.jar;C:\Users\mkiami\Documents\Selenium\Snapshot\selenium-maven-plugin\target\local-repo\org\codehaus\groovy\groovy-all\1.7.5\groovy-all-1.7.5.jar;"/>
    <property name="java.specification.name" value="Java Platform API Specification"/>
    <property name="java.class.version" value="50.0"/>
    <property name="sun.management.compiler" value="HotSpot Client Compiler"/>
    <property name="maven.repo.local" value="C:\Users\mkiami\Documents\Selenium\Snapshot\selenium-maven-plugin\target\local-repo"/>
    <property name="os.version" value="6.1"/>
    <property name="user.home" value="C:\Users\mkiami"/>
    <property name="user.timezone" value=""/>
    <property name="java.awt.printerjob" value="sun.awt.windows.WPrinterJob"/>
    <property name="java.specification.version" value="1.6"/>
    <property name="file.encoding" value="Cp1252"/>
    <property name="user.name" value="mkiami"/>
    <property name="java.class.path" value="C:\Users\mkiami\Documents\Selenium\Snapshot\selenium-maven-plugin\target\it\change-port\target\test-classes;C:\Users\mkiami\Documents\Selenium\Snapshot\selenium-maven-plugin\target\it\change-port\target\classes;C:\Users\mkiami\Documents\Selenium\Snapshot\selenium-maven-plugin\target\local-repo\junit\junit\3.8.2\junit-3.8.2.jar;C:\Users\mkiami\Documents\Selenium\Snapshot\selenium-maven-plugin\target\local-repo\org\seleniumhq\selenium\client-drivers\selenium-java-client-driver\1.0.2\selenium-java-client-driver-1.0.2.jar;C:\Users\mkiami\Documents\Selenium\Snapshot\selenium-maven-plugin\target\local-repo\org\codehaus\groovy\groovy-all\1.7.5\groovy-all-1.7.5.jar;"/>
    <property name="gmaven.version" value="1.3"/>
    <property name="java.vm.specification.version" value="1.0"/>
    <property name="sun.arch.data.model" value="32"/>
    <property name="java.home" value="C:\Program Files\Java\jdk1.6.0_23\jre"/>
    <property name="java.specification.vendor" value="Sun Microsystems Inc."/>
    <property name="user.language" value="fr"/>
    <property name="awt.toolkit" value="sun.awt.windows.WToolkit"/>
    <property name="java.vm.info" value="mixed mode"/>
    <property name="java.version" value="1.6.0_14"/>
    <property name="java.ext.dirs" value="C:\Program Files\Java\jdk1.6.0_23\jre\lib\ext;C:\Windows\Sun\Java\lib\ext"/>
    <property name="sun.boot.class.path" value="C:\Program Files\Java\jdk1.6.0_23\jre\lib\endorsed\xalan.jar;C:\Program Files\Java\jdk1.6.0_23\jre\lib\endorsed\xercesImpl.jar;C:\Program Files\Java\jdk1.6.0_23\jre\lib\endorsed\xercesSamples.jar;C:\Program Files\Java\jdk1.6.0_23\jre\lib\endorsed\xml-apis.jar;C:\Program Files\Java\jdk1.6.0_23\jre\lib\resources.jar;C:\Program Files\Java\jdk1.6.0_23\jre\lib\rt.jar;C:\Program Files\Java\jdk1.6.0_23\jre\lib\sunrsasign.jar;C:\Program Files\Java\jdk1.6.0_23\jre\lib\jsse.jar;C:\Program Files\Java\jdk1.6.0_23\jre\lib\jce.jar;C:\Program Files\Java\jdk1.6.0_23\jre\lib\charsets.jar;C:\Program Files\Java\jdk1.6.0_23\jre\classes"/>
    <property name="java.vendor" value="Sun Microsystems Inc."/>
    <property name="groovy.version" value="1.7.5"/>
    <property name="localRepository" value="C:\Users\mkiami\Documents\Selenium\Snapshot\selenium-maven-plugin\target\local-repo"/>
    <property name="file.separator" value="\"/>
    <property name="java.vendor.url.bug" value="http://java.sun.com/cgi-bin/bugreport.cgi"/>
    <property name="sun.cpu.endian" value="little"/>
    <property name="sun.io.unicode.encoding" value="UnicodeLittle"/>
    <property name="selenium-client.version" value="1.0.2"/>
    <property name="sun.desktop" value="windows"/>
    <property name="sun.cpu.isalist" value="pentium_pro+mmx pentium_pro pentium+mmx pentium i486 i386 i86"/>
  </properties>
  <testcase time="11.75" classname="SeleniumExampleTest" name="testSomethingSimple"/>
</testsuite>